<?xml version="1.0" encoding="UTF-8"?>
<!-- Generated by org.testng.reporters.JUnitReportReporter -->
<testsuite hostname="LAPTOP-GGMSLPER" failures="0" tests="4" name="RestAssuredTest" time="2.962" errors="0" timestamp="2023-05-25T13:16:10 EET" skipped="0">
  <testcase classname="RestAssuredTest" name="testGetNewUserDetails" time="0.235"/>
  <system-out/>
  <testcase classname="RestAssuredTest" name="testDeleteUser" time="0.456"/>
  <system-out/>
  <testcase classname="RestAssuredTest" name="testGetAllUsers" time="0.243"/>
  <system-out/>
  <testcase classname="RestAssuredTest" name="testCreateUser" time="2.028"/>
  <system-out/>
</testsuite> <!-- RestAssuredTest -->
